running egg_info
creating ../build/nav2_wfd/nav2_wfd.egg-info
writing ../build/nav2_wfd/nav2_wfd.egg-info/PKG-INFO
writing dependency_links to ../build/nav2_wfd/nav2_wfd.egg-info/dependency_links.txt
writing entry points to ../build/nav2_wfd/nav2_wfd.egg-info/entry_points.txt
writing requirements to ../build/nav2_wfd/nav2_wfd.egg-info/requires.txt
writing top-level names to ../build/nav2_wfd/nav2_wfd.egg-info/top_level.txt
writing manifest file '../build/nav2_wfd/nav2_wfd.egg-info/SOURCES.txt'
reading manifest file '../build/nav2_wfd/nav2_wfd.egg-info/SOURCES.txt'
adding license file 'LICENSE'
writing manifest file '../build/nav2_wfd/nav2_wfd.egg-info/SOURCES.txt'
running build
running build_py
creating /home/team6/ros_ws/src/build/nav2_wfd/build
creating /home/team6/ros_ws/src/build/nav2_wfd/build/lib
creating /home/team6/ros_ws/src/build/nav2_wfd/build/lib/nav2_wfd
copying nav2_wfd/__init__.py -> /home/team6/ros_ws/src/build/nav2_wfd/build/lib/nav2_wfd
copying nav2_wfd/wavefront_frontier.py -> /home/team6/ros_ws/src/build/nav2_wfd/build/lib/nav2_wfd
running install
running install_lib
creating /home/team6/ros_ws/src/install/nav2_wfd/lib/python3.12/site-packages/nav2_wfd
copying /home/team6/ros_ws/src/build/nav2_wfd/build/lib/nav2_wfd/__init__.py -> /home/team6/ros_ws/src/install/nav2_wfd/lib/python3.12/site-packages/nav2_wfd
copying /home/team6/ros_ws/src/build/nav2_wfd/build/lib/nav2_wfd/wavefront_frontier.py -> /home/team6/ros_ws/src/install/nav2_wfd/lib/python3.12/site-packages/nav2_wfd
byte-compiling /home/team6/ros_ws/src/install/nav2_wfd/lib/python3.12/site-packages/nav2_wfd/__init__.py to __init__.cpython-312.pyc
byte-compiling /home/team6/ros_ws/src/install/nav2_wfd/lib/python3.12/site-packages/nav2_wfd/wavefront_frontier.py to wavefront_frontier.cpython-312.pyc
running install_data
creating /home/team6/ros_ws/src/install/nav2_wfd/share/ament_index
creating /home/team6/ros_ws/src/install/nav2_wfd/share/ament_index/resource_index
creating /home/team6/ros_ws/src/install/nav2_wfd/share/ament_index/resource_index/packages
copying resource/nav2_wfd -> /home/team6/ros_ws/src/install/nav2_wfd/share/ament_index/resource_index/packages
copying package.xml -> /home/team6/ros_ws/src/install/nav2_wfd/share/nav2_wfd
running install_egg_info
Copying ../build/nav2_wfd/nav2_wfd.egg-info to /home/team6/ros_ws/src/install/nav2_wfd/lib/python3.12/site-packages/nav2_wfd-0.0.0-py3.12.egg-info
running install_scripts
Installing explore script to /home/team6/ros_ws/src/install/nav2_wfd/lib/nav2_wfd
writing list of installed files to '/home/team6/ros_ws/src/build/nav2_wfd/install.log'
