[0.011s] Invoking command in '/home/team6/ros_ws/build/leo_nav': CMAKE_PREFIX_PATH=${CMAKE_PREFIX_PATH}:/opt/ros/jazzy DEBUGINFOD_URLS=https://debuginfod.ubuntu.com /usr/bin/cmake /home/team6/ros_ws/src/leo_navigation_tutorial -DCMAKE_INSTALL_PREFIX=/home/team6/ros_ws/install/leo_nav
[0.044s] -- Found ament_cmake: 2.5.4 (/opt/ros/jazzy/share/ament_cmake/cmake)
[0.192s] -- Override CMake install command with custom implementation using symlinks instead of copying resources
[0.266s] -- Configuring done (0.2s)
[0.271s] -- Generating done (0.0s)
[0.272s] -- Build files have been written to: /home/team6/ros_ws/build/leo_nav
[0.275s] Invoked command in '/home/team6/ros_ws/build/leo_nav' returned '0': CMAKE_PREFIX_PATH=${CMAKE_PREFIX_PATH}:/opt/ros/jazzy DEBUGINFOD_URLS=https://debuginfod.ubuntu.com /usr/bin/cmake /home/team6/ros_ws/src/leo_navigation_tutorial -DCMAKE_INSTALL_PREFIX=/home/team6/ros_ws/install/leo_nav
[0.276s] Invoking command in '/home/team6/ros_ws/build/leo_nav': CMAKE_PREFIX_PATH=${CMAKE_PREFIX_PATH}:/opt/ros/jazzy DEBUGINFOD_URLS=https://debuginfod.ubuntu.com /usr/bin/cmake --build /home/team6/ros_ws/build/leo_nav -- -j16 -l16
[0.308s] Invoked command in '/home/team6/ros_ws/build/leo_nav' returned '0': CMAKE_PREFIX_PATH=${CMAKE_PREFIX_PATH}:/opt/ros/jazzy DEBUGINFOD_URLS=https://debuginfod.ubuntu.com /usr/bin/cmake --build /home/team6/ros_ws/build/leo_nav -- -j16 -l16
[0.316s] Invoking command in '/home/team6/ros_ws/build/leo_nav': CMAKE_PREFIX_PATH=${CMAKE_PREFIX_PATH}:/opt/ros/jazzy DEBUGINFOD_URLS=https://debuginfod.ubuntu.com /usr/bin/cmake --install /home/team6/ros_ws/build/leo_nav
[0.324s] -- Install configuration: ""
[0.324s] -- Execute custom install script
[0.324s] -- Up-to-date symlink: /home/team6/ros_ws/install/leo_nav/share/leo_nav/config/amcl.yaml
[0.324s] -- Up-to-date symlink: /home/team6/ros_ws/install/leo_nav/share/leo_nav/config/behavior_trees/navigate_w_replanning_time.xml
[0.324s] -- Up-to-date symlink: /home/team6/ros_ws/install/leo_nav/share/leo_nav/config/navigation.yaml
[0.324s] -- Up-to-date symlink: /home/team6/ros_ws/install/leo_nav/share/leo_nav/config/navigation_stereo_camera.yaml
[0.324s] -- Up-to-date symlink: /home/team6/ros_ws/install/leo_nav/share/leo_nav/config/slam_toolbox.yaml
[0.324s] -- Up-to-date symlink: /home/team6/ros_ws/install/leo_nav/share/leo_nav/launch/amcl.launch.py
[0.325s] -- Up-to-date symlink: /home/team6/ros_ws/install/leo_nav/share/leo_nav/launch/navigation.launch.xml
[0.325s] -- Up-to-date symlink: /home/team6/ros_ws/install/leo_nav/share/leo_nav/launch/slam_toolbox.launch.py
[0.325s] -- Up-to-date symlink: /home/team6/ros_ws/install/leo_nav/share/leo_nav/maps/empty_map.pgm
[0.325s] -- Up-to-date symlink: /home/team6/ros_ws/install/leo_nav/share/leo_nav/maps/empty_map.yaml
[0.325s] -- Up-to-date symlink: /home/team6/ros_ws/install/leo_nav/share/ament_index/resource_index/package_run_dependencies/leo_nav
[0.325s] -- Up-to-date symlink: /home/team6/ros_ws/install/leo_nav/share/ament_index/resource_index/parent_prefix_path/leo_nav
[0.325s] -- Up-to-date symlink: /home/team6/ros_ws/install/leo_nav/share/leo_nav/environment/ament_prefix_path.sh
[0.325s] -- Up-to-date symlink: /home/team6/ros_ws/install/leo_nav/share/leo_nav/environment/ament_prefix_path.dsv
[0.325s] -- Up-to-date symlink: /home/team6/ros_ws/install/leo_nav/share/leo_nav/environment/path.sh
[0.325s] -- Up-to-date symlink: /home/team6/ros_ws/install/leo_nav/share/leo_nav/environment/path.dsv
[0.326s] -- Up-to-date symlink: /home/team6/ros_ws/install/leo_nav/share/leo_nav/local_setup.bash
[0.326s] -- Up-to-date symlink: /home/team6/ros_ws/install/leo_nav/share/leo_nav/local_setup.sh
[0.326s] -- Up-to-date symlink: /home/team6/ros_ws/install/leo_nav/share/leo_nav/local_setup.zsh
[0.326s] -- Up-to-date symlink: /home/team6/ros_ws/install/leo_nav/share/leo_nav/local_setup.dsv
[0.326s] -- Symlinking: /home/team6/ros_ws/install/leo_nav/share/leo_nav/package.dsv
[0.333s] -- Up-to-date symlink: /home/team6/ros_ws/install/leo_nav/share/ament_index/resource_index/packages/leo_nav
[0.333s] -- Up-to-date symlink: /home/team6/ros_ws/install/leo_nav/share/leo_nav/cmake/leo_navConfig.cmake
[0.333s] -- Up-to-date symlink: /home/team6/ros_ws/install/leo_nav/share/leo_nav/cmake/leo_navConfig-version.cmake
[0.333s] -- Up-to-date symlink: /home/team6/ros_ws/install/leo_nav/share/leo_nav/package.xml
[0.335s] Invoked command in '/home/team6/ros_ws/build/leo_nav' returned '0': CMAKE_PREFIX_PATH=${CMAKE_PREFIX_PATH}:/opt/ros/jazzy DEBUGINFOD_URLS=https://debuginfod.ubuntu.com /usr/bin/cmake --install /home/team6/ros_ws/build/leo_nav
