[0.639s] Invoking command in '/home/team6/ros_ws/src/nav2_wavefront_frontier_exploration': DEBUGINFOD_URLS=https://debuginfod.ubuntu.com PYTHONPATH=/home/team6/ros_ws/build/nav2_wfd/prefix_override:/usr/lib/python3/dist-packages/colcon_core/task/python/colcon_distutils_commands:/home/team6/ros_ws/install/nav2_wfd/lib/python3.12/site-packages:${PYTHONPATH} /usr/bin/python3 -W ignore:setup.py install is deprecated -W ignore:easy_install command is deprecated setup.py egg_info --egg-base ../../build/nav2_wfd build --build-base /home/team6/ros_ws/build/nav2_wfd/build install --record /home/team6/ros_ws/build/nav2_wfd/install.log --single-version-externally-managed install_data
[0.819s] running egg_info
[0.832s] writing ../../build/nav2_wfd/nav2_wfd.egg-info/PKG-INFO
[0.833s] writing dependency_links to ../../build/nav2_wfd/nav2_wfd.egg-info/dependency_links.txt
[0.833s] writing entry points to ../../build/nav2_wfd/nav2_wfd.egg-info/entry_points.txt
[0.833s] writing requirements to ../../build/nav2_wfd/nav2_wfd.egg-info/requires.txt
[0.833s] writing top-level names to ../../build/nav2_wfd/nav2_wfd.egg-info/top_level.txt
[0.861s] reading manifest file '../../build/nav2_wfd/nav2_wfd.egg-info/SOURCES.txt'
[0.861s] adding license file 'LICENSE'
[0.861s] writing manifest file '../../build/nav2_wfd/nav2_wfd.egg-info/SOURCES.txt'
[0.861s] running build
[0.861s] running build_py
[0.862s] copying nav2_wfd/wavefront_frontier.py -> /home/team6/ros_ws/build/nav2_wfd/build/lib/nav2_wfd
[0.862s] running install
[0.866s] running install_lib
[0.880s] copying /home/team6/ros_ws/build/nav2_wfd/build/lib/nav2_wfd/wavefront_frontier.py -> /home/team6/ros_ws/install/nav2_wfd/lib/python3.12/site-packages/nav2_wfd
[0.880s] byte-compiling /home/team6/ros_ws/install/nav2_wfd/lib/python3.12/site-packages/nav2_wfd/wavefront_frontier.py to wavefront_frontier.cpython-312.pyc
[0.883s] running install_data
[0.883s] running install_egg_info
[0.896s] removing '/home/team6/ros_ws/install/nav2_wfd/lib/python3.12/site-packages/nav2_wfd-0.0.0-py3.12.egg-info' (and everything under it)
[0.896s] Copying ../../build/nav2_wfd/nav2_wfd.egg-info to /home/team6/ros_ws/install/nav2_wfd/lib/python3.12/site-packages/nav2_wfd-0.0.0-py3.12.egg-info
[0.897s] running install_scripts
[0.985s] Installing explore script to /home/team6/ros_ws/install/nav2_wfd/lib/nav2_wfd
[0.985s] Installing frontier_explore script to /home/team6/ros_ws/install/nav2_wfd/lib/nav2_wfd
[0.985s] writing list of installed files to '/home/team6/ros_ws/build/nav2_wfd/install.log'
[1.005s] Invoked command in '/home/team6/ros_ws/src/nav2_wavefront_frontier_exploration' returned '0': DEBUGINFOD_URLS=https://debuginfod.ubuntu.com PYTHONPATH=/home/team6/ros_ws/build/nav2_wfd/prefix_override:/usr/lib/python3/dist-packages/colcon_core/task/python/colcon_distutils_commands:/home/team6/ros_ws/install/nav2_wfd/lib/python3.12/site-packages:${PYTHONPATH} /usr/bin/python3 -W ignore:setup.py install is deprecated -W ignore:easy_install command is deprecated setup.py egg_info --egg-base ../../build/nav2_wfd build --build-base /home/team6/ros_ws/build/nav2_wfd/build install --record /home/team6/ros_ws/build/nav2_wfd/install.log --single-version-externally-managed install_data
