[0.008s] Invoking command in '/home/team6/ros_ws/build/leo_nav': CMAKE_PREFIX_PATH=${CMAKE_PREFIX_PATH}:/home/team6/ros_ws/install/nav2_wfd:/opt/ros/jazzy DEBUGINFOD_URLS=https://debuginfod.ubuntu.com /usr/bin/cmake --build /home/team6/ros_ws/build/leo_nav -- -j16 -l16
[0.151s] Invoked command in '/home/team6/ros_ws/build/leo_nav' returned '0': CMAKE_PREFIX_PATH=${CMAKE_PREFIX_PATH}:/home/team6/ros_ws/install/nav2_wfd:/opt/ros/jazzy DEBUGINFOD_URLS=https://debuginfod.ubuntu.com /usr/bin/cmake --build /home/team6/ros_ws/build/leo_nav -- -j16 -l16
[0.158s] Invoking command in '/home/team6/ros_ws/build/leo_nav': CMAKE_PREFIX_PATH=${CMAKE_PREFIX_PATH}:/home/team6/ros_ws/install/nav2_wfd:/opt/ros/jazzy DEBUGINFOD_URLS=https://debuginfod.ubuntu.com /usr/bin/cmake --install /home/team6/ros_ws/build/leo_nav
[0.165s] -- Install configuration: ""
[0.166s] -- Execute custom install script
[0.166s] -- Up-to-date symlink: /home/team6/ros_ws/install/leo_nav/share/leo_nav/config/amcl.yaml
[0.166s] -- Up-to-date symlink: /home/team6/ros_ws/install/leo_nav/share/leo_nav/config/behavior_trees/navigate_w_replanning_time.xml
[0.166s] -- Up-to-date symlink: /home/team6/ros_ws/install/leo_nav/share/leo_nav/config/navigation.yaml
[0.166s] -- Up-to-date symlink: /home/team6/ros_ws/install/leo_nav/share/leo_nav/config/navigation_stereo_camera.yaml
[0.166s] -- Up-to-date symlink: /home/team6/ros_ws/install/leo_nav/share/leo_nav/config/slam_toolbox.yaml
[0.166s] -- Up-to-date symlink: /home/team6/ros_ws/install/leo_nav/share/leo_nav/launch/amcl.launch.py
[0.166s] -- Up-to-date symlink: /home/team6/ros_ws/install/leo_nav/share/leo_nav/launch/navigation.launch.xml
[0.167s] -- Up-to-date symlink: /home/team6/ros_ws/install/leo_nav/share/leo_nav/launch/slam_toolbox.launch.py
[0.167s] -- Up-to-date symlink: /home/team6/ros_ws/install/leo_nav/share/leo_nav/maps/empty_map.pgm
[0.167s] -- Up-to-date symlink: /home/team6/ros_ws/install/leo_nav/share/leo_nav/maps/empty_map.yaml
[0.167s] -- Up-to-date symlink: /home/team6/ros_ws/install/leo_nav/share/ament_index/resource_index/package_run_dependencies/leo_nav
[0.167s] -- Up-to-date symlink: /home/team6/ros_ws/install/leo_nav/share/ament_index/resource_index/parent_prefix_path/leo_nav
[0.167s] -- Up-to-date symlink: /home/team6/ros_ws/install/leo_nav/share/leo_nav/environment/ament_prefix_path.sh
[0.167s] -- Up-to-date symlink: /home/team6/ros_ws/install/leo_nav/share/leo_nav/environment/ament_prefix_path.dsv
[0.168s] -- Up-to-date symlink: /home/team6/ros_ws/install/leo_nav/share/leo_nav/environment/path.sh
[0.168s] -- Up-to-date symlink: /home/team6/ros_ws/install/leo_nav/share/leo_nav/environment/path.dsv
[0.168s] -- Up-to-date symlink: /home/team6/ros_ws/install/leo_nav/share/leo_nav/local_setup.bash
[0.168s] -- Up-to-date symlink: /home/team6/ros_ws/install/leo_nav/share/leo_nav/local_setup.sh
[0.168s] -- Up-to-date symlink: /home/team6/ros_ws/install/leo_nav/share/leo_nav/local_setup.zsh
[0.168s] -- Up-to-date symlink: /home/team6/ros_ws/install/leo_nav/share/leo_nav/local_setup.dsv
[0.168s] -- Symlinking: /home/team6/ros_ws/install/leo_nav/share/leo_nav/package.dsv
[0.177s] -- Up-to-date symlink: /home/team6/ros_ws/install/leo_nav/share/ament_index/resource_index/packages/leo_nav
[0.177s] -- Up-to-date symlink: /home/team6/ros_ws/install/leo_nav/share/leo_nav/cmake/leo_navConfig.cmake
[0.177s] -- Up-to-date symlink: /home/team6/ros_ws/install/leo_nav/share/leo_nav/cmake/leo_navConfig-version.cmake
[0.178s] -- Up-to-date symlink: /home/team6/ros_ws/install/leo_nav/share/leo_nav/package.xml
[0.179s] Invoked command in '/home/team6/ros_ws/build/leo_nav' returned '0': CMAKE_PREFIX_PATH=${CMAKE_PREFIX_PATH}:/home/team6/ros_ws/install/nav2_wfd:/opt/ros/jazzy DEBUGINFOD_URLS=https://debuginfod.ubuntu.com /usr/bin/cmake --install /home/team6/ros_ws/build/leo_nav
