[0.542s] Invoking command in '/home/team6/ros_ws/src/nav2_wavefront_frontier_exploration': DEBUGINFOD_URLS=https://debuginfod.ubuntu.com PYTHONPATH=/home/team6/ros_ws/build/nav2_wfd/prefix_override:/usr/lib/python3/dist-packages/colcon_core/task/python/colcon_distutils_commands:/home/team6/ros_ws/install/nav2_wfd/lib/python3.12/site-packages:${PYTHONPATH} /usr/bin/python3 -W ignore:setup.py install is deprecated -W ignore:easy_install command is deprecated setup.py egg_info --egg-base ../../build/nav2_wfd build --build-base /home/team6/ros_ws/build/nav2_wfd/build install --record /home/team6/ros_ws/build/nav2_wfd/install.log --single-version-externally-managed install_data
[0.716s] running egg_info
[0.730s] writing ../../build/nav2_wfd/nav2_wfd.egg-info/PKG-INFO
[0.731s] writing dependency_links to ../../build/nav2_wfd/nav2_wfd.egg-info/dependency_links.txt
[0.731s] writing entry points to ../../build/nav2_wfd/nav2_wfd.egg-info/entry_points.txt
[0.731s] writing requirements to ../../build/nav2_wfd/nav2_wfd.egg-info/requires.txt
[0.731s] writing top-level names to ../../build/nav2_wfd/nav2_wfd.egg-info/top_level.txt
[0.759s] reading manifest file '../../build/nav2_wfd/nav2_wfd.egg-info/SOURCES.txt'
[0.759s] adding license file 'LICENSE'
[0.759s] writing manifest file '../../build/nav2_wfd/nav2_wfd.egg-info/SOURCES.txt'
[0.759s] running build
[0.760s] running build_py
[0.760s] copying nav2_wfd/wavefront_frontier.py -> /home/team6/ros_ws/build/nav2_wfd/build/lib/nav2_wfd
[0.760s] copying nav2_wfd/front.py -> /home/team6/ros_ws/build/nav2_wfd/build/lib/nav2_wfd
[0.760s] running install
[0.764s] running install_lib
[0.777s] copying /home/team6/ros_ws/build/nav2_wfd/build/lib/nav2_wfd/wavefront_frontier.py -> /home/team6/ros_ws/install/nav2_wfd/lib/python3.12/site-packages/nav2_wfd
[0.777s] copying /home/team6/ros_ws/build/nav2_wfd/build/lib/nav2_wfd/front.py -> /home/team6/ros_ws/install/nav2_wfd/lib/python3.12/site-packages/nav2_wfd
[0.777s] byte-compiling /home/team6/ros_ws/install/nav2_wfd/lib/python3.12/site-packages/nav2_wfd/wavefront_frontier.py to wavefront_frontier.cpython-312.pyc
[0.778s] Sorry: IndentationError: expected an indented block after 'if' statement on line 103 (wavefront_frontier.py, line 104)
[0.778s] byte-compiling /home/team6/ros_ws/install/nav2_wfd/lib/python3.12/site-packages/nav2_wfd/front.py to front.cpython-312.pyc
[0.779s] running install_data
[0.779s] running install_egg_info
[0.793s] removing '/home/team6/ros_ws/install/nav2_wfd/lib/python3.12/site-packages/nav2_wfd-0.0.0-py3.12.egg-info' (and everything under it)
[0.794s] Copying ../../build/nav2_wfd/nav2_wfd.egg-info to /home/team6/ros_ws/install/nav2_wfd/lib/python3.12/site-packages/nav2_wfd-0.0.0-py3.12.egg-info
[0.794s] running install_scripts
[0.878s] Installing explore script to /home/team6/ros_ws/install/nav2_wfd/lib/nav2_wfd
[0.878s] Installing frontier_explore script to /home/team6/ros_ws/install/nav2_wfd/lib/nav2_wfd
[0.878s] writing list of installed files to '/home/team6/ros_ws/build/nav2_wfd/install.log'
[0.896s] Invoked command in '/home/team6/ros_ws/src/nav2_wavefront_frontier_exploration' returned '0': DEBUGINFOD_URLS=https://debuginfod.ubuntu.com PYTHONPATH=/home/team6/ros_ws/build/nav2_wfd/prefix_override:/usr/lib/python3/dist-packages/colcon_core/task/python/colcon_distutils_commands:/home/team6/ros_ws/install/nav2_wfd/lib/python3.12/site-packages:${PYTHONPATH} /usr/bin/python3 -W ignore:setup.py install is deprecated -W ignore:easy_install command is deprecated setup.py egg_info --egg-base ../../build/nav2_wfd build --build-base /home/team6/ros_ws/build/nav2_wfd/build install --record /home/team6/ros_ws/build/nav2_wfd/install.log --single-version-externally-managed install_data
