[0.640s] Invoking command in '/home/team6/ros_ws/src/nav2_wavefront_frontier_exploration': DEBUGINFOD_URLS=https://debuginfod.ubuntu.com PYTHONPATH=/home/team6/ros_ws/build/nav2_wfd/prefix_override:/usr/lib/python3/dist-packages/colcon_core/task/python/colcon_distutils_commands:/home/team6/ros_ws/install/nav2_wfd/lib/python3.12/site-packages:${PYTHONPATH} /usr/bin/python3 -W ignore:setup.py install is deprecated -W ignore:easy_install command is deprecated setup.py egg_info --egg-base ../../build/nav2_wfd build --build-base /home/team6/ros_ws/build/nav2_wfd/build install --record /home/team6/ros_ws/build/nav2_wfd/install.log --install-scripts $base/lib/nav2_wfd --single-version-externally-managed install_data
[0.719s] /usr/lib/python3/dist-packages/setuptools/dist.py:744: SetuptoolsDeprecationWarning: Invalid dash-separated options
[0.719s] !!
[0.719s] 
[0.719s]         ********************************************************************************
[0.719s]         Usage of dash-separated 'script-dir' will not be supported in future
[0.719s]         versions. Please use the underscore name 'script_dir' instead.
[0.719s] 
[0.719s]         This deprecation is overdue, please update your project and remove deprecated
[0.719s]         calls to avoid build errors in the future.
[0.719s] 
[0.719s]         See https://setuptools.pypa.io/en/latest/userguide/declarative_config.html for details.
[0.720s]         ********************************************************************************
[0.720s] 
[0.720s] !!
[0.720s]   opt = self.warn_dash_deprecation(opt, section)
[0.814s] running egg_info
[0.814s] creating ../../build/nav2_wfd/nav2_wfd.egg-info
[0.827s] writing ../../build/nav2_wfd/nav2_wfd.egg-info/PKG-INFO
[0.827s] writing dependency_links to ../../build/nav2_wfd/nav2_wfd.egg-info/dependency_links.txt
[0.827s] writing entry points to ../../build/nav2_wfd/nav2_wfd.egg-info/entry_points.txt
[0.827s] writing requirements to ../../build/nav2_wfd/nav2_wfd.egg-info/requires.txt
[0.827s] writing top-level names to ../../build/nav2_wfd/nav2_wfd.egg-info/top_level.txt
[0.827s] writing manifest file '../../build/nav2_wfd/nav2_wfd.egg-info/SOURCES.txt'
[0.854s] reading manifest file '../../build/nav2_wfd/nav2_wfd.egg-info/SOURCES.txt'
[0.854s] adding license file 'LICENSE'
[0.854s] writing manifest file '../../build/nav2_wfd/nav2_wfd.egg-info/SOURCES.txt'
[0.854s] running build
[0.854s] running build_py
[0.854s] creating /home/team6/ros_ws/build/nav2_wfd/build
[0.854s] creating /home/team6/ros_ws/build/nav2_wfd/build/lib
[0.855s] creating /home/team6/ros_ws/build/nav2_wfd/build/lib/nav2_wfd
[0.855s] copying nav2_wfd/__init__.py -> /home/team6/ros_ws/build/nav2_wfd/build/lib/nav2_wfd
[0.855s] copying nav2_wfd/wavefront_frontier.py -> /home/team6/ros_ws/build/nav2_wfd/build/lib/nav2_wfd
[0.855s] running install
[0.858s] running install_lib
[0.873s] creating /home/team6/ros_ws/install/nav2_wfd/lib/python3.12/site-packages/nav2_wfd
[0.873s] copying /home/team6/ros_ws/build/nav2_wfd/build/lib/nav2_wfd/__init__.py -> /home/team6/ros_ws/install/nav2_wfd/lib/python3.12/site-packages/nav2_wfd
[0.873s] copying /home/team6/ros_ws/build/nav2_wfd/build/lib/nav2_wfd/wavefront_frontier.py -> /home/team6/ros_ws/install/nav2_wfd/lib/python3.12/site-packages/nav2_wfd
[0.873s] byte-compiling /home/team6/ros_ws/install/nav2_wfd/lib/python3.12/site-packages/nav2_wfd/__init__.py to __init__.cpython-312.pyc
[0.874s] byte-compiling /home/team6/ros_ws/install/nav2_wfd/lib/python3.12/site-packages/nav2_wfd/wavefront_frontier.py to wavefront_frontier.cpython-312.pyc
[0.876s] running install_data
[0.877s] creating /home/team6/ros_ws/install/nav2_wfd/share/ament_index
[0.877s] creating /home/team6/ros_ws/install/nav2_wfd/share/ament_index/resource_index
[0.877s] creating /home/team6/ros_ws/install/nav2_wfd/share/ament_index/resource_index/packages
[0.877s] copying resource/nav2_wfd -> /home/team6/ros_ws/install/nav2_wfd/share/ament_index/resource_index/packages
[0.877s] copying package.xml -> /home/team6/ros_ws/install/nav2_wfd/share/nav2_wfd
[0.877s] running install_egg_info
[0.890s] Copying ../../build/nav2_wfd/nav2_wfd.egg-info to /home/team6/ros_ws/install/nav2_wfd/lib/python3.12/site-packages/nav2_wfd-0.0.0-py3.12.egg-info
[0.891s] running install_scripts
[0.976s] Installing explore script to /home/team6/ros_ws/install/nav2_wfd/lib/nav2_wfd
[0.976s] writing list of installed files to '/home/team6/ros_ws/build/nav2_wfd/install.log'
[0.993s] Invoked command in '/home/team6/ros_ws/src/nav2_wavefront_frontier_exploration' returned '0': DEBUGINFOD_URLS=https://debuginfod.ubuntu.com PYTHONPATH=/home/team6/ros_ws/build/nav2_wfd/prefix_override:/usr/lib/python3/dist-packages/colcon_core/task/python/colcon_distutils_commands:/home/team6/ros_ws/install/nav2_wfd/lib/python3.12/site-packages:${PYTHONPATH} /usr/bin/python3 -W ignore:setup.py install is deprecated -W ignore:easy_install command is deprecated setup.py egg_info --egg-base ../../build/nav2_wfd build --build-base /home/team6/ros_ws/build/nav2_wfd/build install --record /home/team6/ros_ws/build/nav2_wfd/install.log --install-scripts $base/lib/nav2_wfd --single-version-externally-managed install_data
