[0.590s] Invoking command in '/home/team6/ros_ws/src/nav2_wavefront_frontier_exploration': DEBUGINFOD_URLS=https://debuginfod.ubuntu.com PYTHONPATH=/home/team6/ros_ws/build/nav2_wfd/prefix_override:/usr/lib/python3/dist-packages/colcon_core/task/python/colcon_distutils_commands:/home/team6/ros_ws/install/nav2_wfd/lib/python3.12/site-packages:${PYTHONPATH} /usr/bin/python3 -W ignore:setup.py install is deprecated -W ignore:easy_install command is deprecated setup.py egg_info --egg-base ../../build/nav2_wfd build --build-base /home/team6/ros_ws/build/nav2_wfd/build install --record /home/team6/ros_ws/build/nav2_wfd/install.log --install-scripts $base/lib/nav2_wfd --single-version-externally-managed install_data
[0.666s] /usr/lib/python3/dist-packages/setuptools/dist.py:744: SetuptoolsDeprecationWarning: Invalid dash-separated options
[0.667s] !!
[0.667s] 
[0.667s]         ********************************************************************************
[0.667s]         Usage of dash-separated 'script-dir' will not be supported in future
[0.667s]         versions. Please use the underscore name 'script_dir' instead.
[0.667s] 
[0.667s]         This deprecation is overdue, please update your project and remove deprecated
[0.667s]         calls to avoid build errors in the future.
[0.667s] 
[0.667s]         See https://setuptools.pypa.io/en/latest/userguide/declarative_config.html for details.
[0.667s]         ********************************************************************************
[0.667s] 
[0.667s] !!
[0.667s]   opt = self.warn_dash_deprecation(opt, section)
[0.756s] running egg_info
[0.769s] writing ../../build/nav2_wfd/nav2_wfd.egg-info/PKG-INFO
[0.769s] writing dependency_links to ../../build/nav2_wfd/nav2_wfd.egg-info/dependency_links.txt
[0.769s] writing entry points to ../../build/nav2_wfd/nav2_wfd.egg-info/entry_points.txt
[0.769s] writing requirements to ../../build/nav2_wfd/nav2_wfd.egg-info/requires.txt
[0.770s] writing top-level names to ../../build/nav2_wfd/nav2_wfd.egg-info/top_level.txt
[0.795s] reading manifest file '../../build/nav2_wfd/nav2_wfd.egg-info/SOURCES.txt'
[0.795s] adding license file 'LICENSE'
[0.795s] writing manifest file '../../build/nav2_wfd/nav2_wfd.egg-info/SOURCES.txt'
[0.795s] running build
[0.795s] running build_py
[0.796s] copying nav2_wfd/front.py -> /home/team6/ros_ws/build/nav2_wfd/build/lib/nav2_wfd
[0.796s] running install
[0.800s] running install_lib
[0.813s] copying /home/team6/ros_ws/build/nav2_wfd/build/lib/nav2_wfd/front.py -> /home/team6/ros_ws/install/nav2_wfd/lib/python3.12/site-packages/nav2_wfd
[0.813s] byte-compiling /home/team6/ros_ws/install/nav2_wfd/lib/python3.12/site-packages/nav2_wfd/front.py to front.cpython-312.pyc
[0.814s] running install_data
[0.814s] running install_egg_info
[0.828s] removing '/home/team6/ros_ws/install/nav2_wfd/lib/python3.12/site-packages/nav2_wfd-0.0.0-py3.12.egg-info' (and everything under it)
[0.828s] Copying ../../build/nav2_wfd/nav2_wfd.egg-info to /home/team6/ros_ws/install/nav2_wfd/lib/python3.12/site-packages/nav2_wfd-0.0.0-py3.12.egg-info
[0.828s] running install_scripts
[0.910s] Installing explore script to /home/team6/ros_ws/install/nav2_wfd/lib/nav2_wfd
[0.911s] Installing frontier_explore script to /home/team6/ros_ws/install/nav2_wfd/lib/nav2_wfd
[0.911s] writing list of installed files to '/home/team6/ros_ws/build/nav2_wfd/install.log'
[0.926s] Invoked command in '/home/team6/ros_ws/src/nav2_wavefront_frontier_exploration' returned '0': DEBUGINFOD_URLS=https://debuginfod.ubuntu.com PYTHONPATH=/home/team6/ros_ws/build/nav2_wfd/prefix_override:/usr/lib/python3/dist-packages/colcon_core/task/python/colcon_distutils_commands:/home/team6/ros_ws/install/nav2_wfd/lib/python3.12/site-packages:${PYTHONPATH} /usr/bin/python3 -W ignore:setup.py install is deprecated -W ignore:easy_install command is deprecated setup.py egg_info --egg-base ../../build/nav2_wfd build --build-base /home/team6/ros_ws/build/nav2_wfd/build install --record /home/team6/ros_ws/build/nav2_wfd/install.log --install-scripts $base/lib/nav2_wfd --single-version-externally-managed install_data
